<?xml version="1.0" encoding="utf-8"?><testsuites name="pytest tests"><testsuite name="pytest" errors="0" failures="0" skipped="0" tests="8" time="1.029" timestamp="2026-02-11T15:10:35.601077+00:00" hostname="agent-env-a1a0bce1-53c8-4f23-a280-daacfa98f008"><testcase classname="backend.tests.test_event_workflow.TestEventWorkflow" name="test_resolve_without_comment_returns_400" time="0.421" /><testcase classname="backend.tests.test_event_workflow.TestEventWorkflow" name="test_false_alarm_without_comment_returns_400" time="0.015" /><testcase classname="backend.tests.test_event_workflow.TestEventWorkflow" name="test_ack_without_comment_succeeds" time="0.167" /><testcase classname="backend.tests.test_event_workflow.TestEventWorkflow" name="test_resolve_with_comment_succeeds" time="0.062" /><testcase classname="backend.tests.test_event_workflow.TestUserAssignment" name="test_assignable_users_returns_correct_roles" time="0.012" /><testcase classname="backend.tests.test_event_workflow.TestUserAssignment" name="test_assign_user_to_event_stores_name" time="0.128" /><testcase classname="backend.tests.test_event_workflow.TestEventComments" name="test_get_event_comments_returns_array" time="0.152" /><testcase classname="backend.tests.test_event_workflow.TestEventComments" name="test_get_comments_for_known_event" time="0.010" /></testsuite></testsuites>