<?xml version="1.0" encoding="utf-8"?><testsuites name="pytest tests"><testsuite name="pytest" errors="0" failures="0" skipped="0" tests="14" time="0.918" timestamp="2026-02-11T14:10:57.045648+00:00" hostname="agent-env-a1a0bce1-53c8-4f23-a280-daacfa98f008"><testcase classname="backend.tests.test_fall_events.TestFallEventsList" name="test_events_list_returns_fall_fields" time="0.349" /><testcase classname="backend.tests.test_fall_events.TestFallEventsList" name="test_events_list_fall_status_values" time="0.041" /><testcase classname="backend.tests.test_fall_events.TestFallEventsList" name="test_events_list_fall_location_coordinates" time="0.041" /><testcase classname="backend.tests.test_fall_events.TestFallEventDetail" name="test_get_event_detail_with_fall_fields" time="0.037" /><testcase classname="backend.tests.test_fall_events.TestFallEventDetail" name="test_fall_status_history_structure" time="0.041" /><testcase classname="backend.tests.test_fall_events.TestFallEventDetail" name="test_fall_location_values" time="0.040" /><testcase classname="backend.tests.test_fall_events.TestFallEventDetail" name="test_is_simulated_flag" time="0.042" /><testcase classname="backend.tests.test_fall_events.TestFallEventStatusUpdate" name="test_update_status_to_ack" time="0.040" /><testcase classname="backend.tests.test_fall_events.TestFallEventStatusUpdate" name="test_update_status_to_resolved" time="0.040" /><testcase classname="backend.tests.test_fall_events.TestFallEventStatusUpdate" name="test_update_status_to_false_alarm" time="0.035" /><testcase classname="backend.tests.test_fall_events.TestFallEventStatusUpdate" name="test_reset_status_to_new" time="0.042" /><testcase classname="backend.tests.test_fall_events.TestEventTypeFilter" name="test_sensitive_fall_filter" time="0.036" /><testcase classname="backend.tests.test_fall_events.TestEventTypeFilter" name="test_bed_exit_filter" time="0.036" /><testcase classname="backend.tests.test_fall_events.TestFallEventNotFound" name="test_get_nonexistent_event" time="0.040" /></testsuite></testsuites>