<?xml version="1.0" encoding="utf-8"?><testsuites name="pytest tests"><testsuite name="pytest" errors="0" failures="0" skipped="0" tests="12" time="3.267" timestamp="2026-01-14T10:26:01.577754+00:00" hostname="agent-env-11c25d4b-4822-4849-8779-89a9287e6628"><testcase classname="tests.test_mqtt_integration.TestMQTTIntegration" name="test_mqtt_status_endpoint" time="0.368" /><testcase classname="tests.test_mqtt_integration.TestMQTTIntegration" name="test_mqtt_status_requires_auth" time="0.294" /><testcase classname="tests.test_mqtt_integration.TestMQTTIntegration" name="test_sensors_list_includes_mqtt_radars" time="0.304" /><testcase classname="tests.test_mqtt_integration.TestMQTTIntegration" name="test_mqtt_register_device_endpoint" time="0.344" /><testcase classname="tests.test_mqtt_integration.TestMQTTIntegration" name="test_mqtt_register_device_invalid_sensor" time="0.302" /><testcase classname="tests.test_mqtt_integration.TestMQTTIntegration" name="test_mqtt_register_device_requires_admin" time="0.312" /><testcase classname="tests.test_mqtt_integration.TestRadarSensors" name="test_radar_sensors_have_required_fields" time="0.303" /><testcase classname="tests.test_mqtt_integration.TestRadarSensors" name="test_filter_sensors_by_type" time="0.291" /><testcase classname="tests.test_mqtt_integration.TestRadarSensors" name="test_mqtt_auto_registered_sensors_online" time="0.298" /><testcase classname="tests.test_mqtt_integration.TestHealthAndAuth" name="test_health_endpoint" time="0.035" /><testcase classname="tests.test_mqtt_integration.TestHealthAndAuth" name="test_login_success" time="0.258" /><testcase classname="tests.test_mqtt_integration.TestHealthAndAuth" name="test_login_invalid_credentials" time="0.037" /></testsuite></testsuites>