<?xml version="1.0" encoding="utf-8"?><testsuites name="pytest tests"><testsuite name="pytest" errors="0" failures="0" skipped="0" tests="13" time="0.997" timestamp="2026-02-09T14:49:13.309139+00:00" hostname="agent-env-24de2484-7f63-4fa6-8f83-fcf7b56f516f"><testcase classname="tests.test_presence_sessions.TestPresenceSessionsAPI" name="test_list_presence_sessions" time="0.347" /><testcase classname="tests.test_presence_sessions.TestPresenceSessionsAPI" name="test_list_sessions_with_status_filter" time="0.039" /><testcase classname="tests.test_presence_sessions.TestPresenceSessionsAPI" name="test_list_sessions_with_completed_status" time="0.040" /><testcase classname="tests.test_presence_sessions.TestPresenceSessionsAPI" name="test_get_active_sessions" time="0.038" /><testcase classname="tests.test_presence_sessions.TestPresenceSessionsAPI" name="test_get_session_stats" time="0.036" /><testcase classname="tests.test_presence_sessions.TestPresenceSessionsAPI" name="test_get_daily_stats" time="0.042" /><testcase classname="tests.test_presence_sessions.TestPresenceSessionsAPI" name="test_get_session_by_id" time="0.074" /><testcase classname="tests.test_presence_sessions.TestPresenceSessionsAPI" name="test_session_not_found" time="0.041" /><testcase classname="tests.test_presence_sessions.TestPresenceEventsNotSaved" name="test_no_presence_events_in_events_collection" time="0.037" /><testcase classname="tests.test_presence_sessions.TestSuperAdminAccess" name="test_super_admin_sees_all_sessions" time="0.042" /><testcase classname="tests.test_presence_sessions.TestSuperAdminAccess" name="test_super_admin_sees_all_active_sessions" time="0.033" /><testcase classname="tests.test_presence_sessions.TestSuperAdminAccess" name="test_super_admin_sees_all_stats" time="0.039" /><testcase classname="tests.test_presence_sessions.TestBuildingFilter" name="test_filter_by_building_id" time="0.111" /></testsuite></testsuites>