<?xml version="1.0" encoding="utf-8"?><testsuites name="pytest tests"><testsuite name="pytest" errors="0" failures="0" skipped="0" tests="8" time="1.204" timestamp="2026-02-11T17:46:34.472208+00:00" hostname="agent-env-b87513d8-1978-475e-ba67-cc7c0f1fc542"><testcase classname="backend.tests.test_sensitive_fall.TestSensitiveFallIntegration" name="test_01_create_sensitive_fall_event" time="0.399" /><testcase classname="backend.tests.test_sensitive_fall.TestSensitiveFallIntegration" name="test_02_get_sensitive_fall_events" time="0.045" /><testcase classname="backend.tests.test_sensitive_fall.TestSensitiveFallIntegration" name="test_03_verify_sensitive_fall_event_details" time="0.046" /><testcase classname="backend.tests.test_sensitive_fall.TestSensitiveFallIntegration" name="test_04_verify_fall_events_still_work" time="0.049" /><testcase classname="backend.tests.test_sensitive_fall.TestSensitiveFallIntegration" name="test_05_both_event_types_in_list" time="0.045" /><testcase classname="backend.tests.test_sensitive_fall.TestAlertContext" name="test_alert_context_loads_fall_events" time="0.402" /><testcase classname="backend.tests.test_sensitive_fall.TestAlertContext" name="test_alert_context_loads_sensitive_fall_events" time="0.080" /><testcase classname="backend.tests.test_sensitive_fall.TestAlertContext" name="test_alert_context_loads_bed_exit_events" time="0.072" /></testsuite></testsuites>