<?xml version="1.0" encoding="utf-8"?><testsuites name="pytest tests"><testsuite name="pytest" errors="0" failures="0" skipped="0" tests="12" time="7.468" timestamp="2026-02-11T17:31:18.628013+00:00" hostname="agent-env-b87513d8-1978-475e-ba67-cc7c0f1fc542"><testcase classname="backend.tests.test_user_management.TestUserManagementAPI" name="test_list_client_users_success" time="0.423" /><testcase classname="backend.tests.test_user_management.TestUserManagementAPI" name="test_list_client_users_unauthorized" time="0.366" /><testcase classname="backend.tests.test_user_management.TestUserManagementAPI" name="test_create_user_success_with_contact_fields" time="0.685" /><testcase classname="backend.tests.test_user_management.TestUserManagementAPI" name="test_create_user_invalid_email_format" time="0.352" /><testcase classname="backend.tests.test_user_management.TestUserManagementAPI" name="test_create_user_missing_required_fields" time="0.360" /><testcase classname="backend.tests.test_user_management.TestUserManagementAPI" name="test_update_user_role" time="0.664" /><testcase classname="backend.tests.test_user_management.TestUserManagementAPI" name="test_update_user_status" time="0.717" /><testcase classname="backend.tests.test_user_management.TestUserManagementAPI" name="test_update_user_contact_fields" time="0.708" /><testcase classname="backend.tests.test_user_management.TestUserManagementAPI" name="test_delete_user_success" time="0.661" /><testcase classname="backend.tests.test_user_management.TestUserManagementAPI" name="test_delete_nonexistent_user" time="0.361" /><testcase classname="backend.tests.test_user_management.TestUserManagementAPI" name="test_reset_password_success" time="1.187" /><testcase classname="backend.tests.test_user_management.TestUserManagementAPI" name="test_reset_password_too_short" time="0.911" /></testsuite></testsuites>