<?xml version="1.0" encoding="utf-8"?><testsuites name="pytest tests"><testsuite name="pytest" errors="0" failures="1" skipped="0" tests="12" time="7.798" timestamp="2026-02-11T17:30:57.371500+00:00" hostname="agent-env-b87513d8-1978-475e-ba67-cc7c0f1fc542"><testcase classname="backend.tests.test_user_management.TestUserManagementAPI" name="test_list_client_users_success" time="0.437" /><testcase classname="backend.tests.test_user_management.TestUserManagementAPI" name="test_list_client_users_unauthorized" time="0.349"><failure message="assert 403 == 401&#10; +  where 403 = &lt;Response [403]&gt;.status_code">backend/tests/test_user_management.py:95: in test_list_client_users_unauthorized
    assert response.status_code == 401
E   assert 403 == 401
E    +  where 403 = &lt;Response [403]&gt;.status_code</failure></testcase><testcase classname="backend.tests.test_user_management.TestUserManagementAPI" name="test_create_user_success_with_contact_fields" time="0.670" /><testcase classname="backend.tests.test_user_management.TestUserManagementAPI" name="test_create_user_invalid_email_format" time="0.360" /><testcase classname="backend.tests.test_user_management.TestUserManagementAPI" name="test_create_user_missing_required_fields" time="0.350" /><testcase classname="backend.tests.test_user_management.TestUserManagementAPI" name="test_update_user_role" time="0.721" /><testcase classname="backend.tests.test_user_management.TestUserManagementAPI" name="test_update_user_status" time="0.849" /><testcase classname="backend.tests.test_user_management.TestUserManagementAPI" name="test_update_user_contact_fields" time="0.773" /><testcase classname="backend.tests.test_user_management.TestUserManagementAPI" name="test_delete_user_success" time="0.721" /><testcase classname="backend.tests.test_user_management.TestUserManagementAPI" name="test_delete_nonexistent_user" time="0.396" /><testcase classname="backend.tests.test_user_management.TestUserManagementAPI" name="test_reset_password_success" time="1.161" /><testcase classname="backend.tests.test_user_management.TestUserManagementAPI" name="test_reset_password_too_short" time="0.911" /></testsuite></testsuites>